# 
# ===============================================================================
#                               Allegro PCB Router                               
# Copyright 1990-2010 Cadence Design Systems, Inc.  All Rights Reserved.
# ===============================================================================
# 
# Software licensed for sale by Cadence Design Systems, Inc.
# Current time = Thu Mar 15 15:19:07 2018
# 
# Allegro PCB Router v17-2-50 made 2017/01/16 at 14:16:53
# Running on: rank329-23, OS Version: WindowsNT 6.2.9200, Architecture: Intel Pentium II, III, or 4
# Licensing: The program will not obey any unlicensed rules
# No graphics will be displayed.
# Design Name H:/Desktop/Schematic & PCB/Schematic/Pressure Sensors/PCB\Pressure_v1.0.dsn
# Batch File Name: pasde.do
# Did File Name: H:/Desktop/Schematic & PCB/Schematic/Pressure Sensors/PCB/specctra.did
# Current time = Thu Mar 15 15:19:07 2018
# PCB H:/Desktop/Schematic & PCB/Schematic/Pressure Sensors/PCB
# Master Unit set up as: MIL 1000
# PCB Limits xlo=-1420.0000 ylo=-880.0000 xhi=1220.0000 yhi=880.0000
# Total 8 Images Consolidated.
# Wires Processed 0, Vias Processed 0
# Using colormap in design file.
# Layers Processed: Signal Layers 2
# Components Placed 12, Images Processed 16, Padstacks Processed 9
# Nets Processed 10, Net Terminals 38
# PCB Area=3840000.000  EIC=2  Area/EIC=1920000.000  SMDs=0
# Total Pin Count: 40
# Signal Connections Created 28
# 
# Design Rules --------------------------------------------
# Via Grid 0.0100 with offset 0.0000
# Layer TOP Horz Signal Wire Grid 0.0100 with offset 0.0000, Width=10.0000, Clearance=10.0000
# Layer BOTTOM Vert Signal Wire Grid 0.0100 with offset 0.0000, Width=10.0000, Clearance=10.0000
# Cpu Time = 0:00:00  Elapsed Time = 0:00:00
# 
# Wiring Statistics ----------------- H:/Desktop/Schematic & PCB/Schematic/Pressure Sensors/PCB\Pressure_v1.0.dsn
# Nets 10 Connections 28 Unroutes 28
# Signal Layers 2 Power Layers 0
# Wire Junctions 0, at vias 0 Total Vias 0
# Percent Connected    0.00
# Manhattan Length 18842.5400 Horizontal 11809.0000 Vertical 7033.5400
# Routed Length   0.0000 Horizontal   0.0000 Vertical   0.0000
# Ratio Actual / Manhattan   0.0000
# Unconnected Length 18842.5400 Horizontal 11788.2000 Vertical 7054.3400
# Total Conflicts: 0 (Cross: 0, Clear: 0, Xtalk: 0, Length: 0, Polygon Clear: 0 )
# Cpu Time = 0:00:00  Elapsed Time = 0:00:00
# Loading Do File pasde.do ...
# Loading Do File H:/Desktop/Schematic & PCB/Schematic/Pressure Sensors/PCB\Pressure_v1.0_rules.do ...
# Colormap Written to File _notify.std
# Enter command <# Loading Do File C:/Users/2064224z/AppData/Local/Temp/#Taaaaai02108.tmp ...
# All Components Unselected.
# All Nets Unselected.
set route_diagonal 0
grid wire 0.010000 (direction x) (offset 0.000000)
grid wire 0.010000 (direction y) (offset 0.000000)
grid via 0.010000 (direction x) (offset 0.000000)
grid via 0.010000 (direction y) (offset 0.000000)
protect all wires
# All Wires Protected.
direction TOP horizontal
select layer TOP
unprotect layer_wires TOP
# Wires on layer TOP were Unprotected.
direction BOTTOM vertical
select layer BOTTOM
unprotect layer_wires BOTTOM
# Wires on layer BOTTOM were Unprotected.
cost via -1
# System default cost will be used.
set turbo_stagger off
limit outside -1
rule pcb (patterns_allowed  trombone accordion)
set pattern_stacking on
rule pcb (sawtooth_amplitude -1 -1)
rule pcb (sawtooth_gap -1)
rule pcb (accordion_amplitude -1 -1)
rule pcb (accordion_gap -1)
rule pcb (trombone_run_length -1)
rule pcb (trombone_gap -1)
unprotect selected
# All Selected Wires Unprotected.
route 25 1
# Command route detected pcb layer rule(s), mcm via rule(s), which require the RouteADV license feature.
# All unlicensed rules are being ignored.
# Command route will ignore pcb layer rule(s), mcm via rule(s)
# Current time = Thu Mar 15 15:19:08 2018
# 
# Design Rules --------------------------------------------
# Via Grid 0.0100 with offset 0.0000
# Layer TOP Horz Signal Wire Grid 0.0100 with offset 0.0000, Width=10.0000, Clearance=10.0000
# Layer BOTTOM Vert Signal Wire Grid 0.0100 with offset 0.0000, Width=10.0000, Clearance=10.0000
# 
# Wiring Statistics ----------------- H:/Desktop/Schematic & PCB/Schematic/Pressure Sensors/PCB\Pressure_v1.0.dsn
# Nets 10 Connections 28 Unroutes 28
# Signal Layers 2 Power Layers 0
# Wire Junctions 0, at vias 0 Total Vias 0
# Percent Connected    0.00
# Manhattan Length 18842.5400 Horizontal 11809.0000 Vertical 7033.5400
# Routed Length   0.0000 Horizontal   0.0000 Vertical   0.0000
# Ratio Actual / Manhattan   0.0000
# Unconnected Length 18842.5400 Horizontal 11788.2000 Vertical 7054.3400
# Start Route Pass 1 of 25
# Routing 28 wires.
# Total Conflicts: 14 (Cross: 14, Clear: 0, Xtalk: 0, Length: 0, Polygon Clear: 0 )
# Total Unroutes: 0
# Attempts 28 Successes 28 Failures 0 Vias 0
# Cpu Time = 0:00:01  Elapsed Time = 0:00:00
# Command check detected pcb layer rule(s), mcm via rule(s), which require the RouteADV license feature.
# All unlicensed rules are being ignored.
# Command check will ignore pcb layer rule(s), mcm via rule(s)
# End Pass 1 of 25
# Start Route Pass 2 of 25
# Routing 36 wires.
# Command check detected pcb layer rule(s), mcm via rule(s), which require the RouteADV license feature.
# All unlicensed rules are being ignored.
# Command check will ignore pcb layer rule(s), mcm via rule(s)
# Total Conflicts: 9 (Cross: 9, Clear: 0, Xtalk: 0, Length: 0, Polygon Clear: 0 )
# Total Unroutes: 0
# Attempts 36 Successes 36 Failures 0 Vias 0
# Cpu Time = 0:00:00  Elapsed Time = 0:00:00
# Command check detected pcb layer rule(s), mcm via rule(s), which require the RouteADV license feature.
# All unlicensed rules are being ignored.
# Command check will ignore pcb layer rule(s), mcm via rule(s)
# Conflict Reduction  0.3572
# End Pass 2 of 25
# 4 bend points have been removed.
# 0 bend points have been removed.
# 1 bend points have been removed.
# Start Route Pass 3 of 25
# Routing 17 wires.
# Command check detected pcb layer rule(s), mcm via rule(s), which require the RouteADV license feature.
# All unlicensed rules are being ignored.
# Command check will ignore pcb layer rule(s), mcm via rule(s)
# Total Conflicts: 3 (Cross: 3, Clear: 0, Xtalk: 0, Length: 0, Polygon Clear: 0 )
# Total Unroutes: 0
# Attempts 15 Successes 15 Failures 0 Vias 0
# Cpu Time = 0:00:00  Elapsed Time = 0:00:00
# Command check detected pcb layer rule(s), mcm via rule(s), which require the RouteADV license feature.
# All unlicensed rules are being ignored.
# Command check will ignore pcb layer rule(s), mcm via rule(s)
# End Pass 3 of 25
# Start Route Pass 4 of 25
# Routing 7 wires.
# Command check detected pcb layer rule(s), mcm via rule(s), which require the RouteADV license feature.
# All unlicensed rules are being ignored.
# Command check will ignore pcb layer rule(s), mcm via rule(s)
# Total Conflicts: 1 (Cross: 1, Clear: 0, Xtalk: 0, Length: 0, Polygon Clear: 0 )
# Total Unroutes: 0
# Attempts 7 Successes 7 Failures 0 Vias 0
# Cpu Time = 0:00:00  Elapsed Time = 0:00:00
# Command check detected pcb layer rule(s), mcm via rule(s), which require the RouteADV license feature.
# All unlicensed rules are being ignored.
# Command check will ignore pcb layer rule(s), mcm via rule(s)
# End Pass 4 of 25
# Start Route Pass 5 of 25
# Routing 2 wires.
# Command check detected pcb layer rule(s), mcm via rule(s), which require the RouteADV license feature.
# All unlicensed rules are being ignored.
# Command check will ignore pcb layer rule(s), mcm via rule(s)
# Total Conflicts: 1 (Cross: 1, Clear: 0, Xtalk: 0, Length: 0, Polygon Clear: 0 )
# Total Unroutes: 0
# Attempts 2 Successes 2 Failures 0 Vias 0
# Cpu Time = 0:00:00  Elapsed Time = 0:00:00
# Command check detected pcb layer rule(s), mcm via rule(s), which require the RouteADV license feature.
# All unlicensed rules are being ignored.
# Command check will ignore pcb layer rule(s), mcm via rule(s)
# End Pass 5 of 25
# Start Route Pass 6 of 25
# Routing 2 wires.
# Command check detected pcb layer rule(s), mcm via rule(s), which require the RouteADV license feature.
# All unlicensed rules are being ignored.
# Command check will ignore pcb layer rule(s), mcm via rule(s)
# Total Conflicts: 1 (Cross: 1, Clear: 0, Xtalk: 0, Length: 0, Polygon Clear: 0 )
# Total Unroutes: 0
# Attempts 2 Successes 2 Failures 0 Vias 0
# Cpu Time = 0:00:00  Elapsed Time = 0:00:00
# Command check detected pcb layer rule(s), mcm via rule(s), which require the RouteADV license feature.
# All unlicensed rules are being ignored.
# Command check will ignore pcb layer rule(s), mcm via rule(s)
# End Pass 6 of 25
# Start Route Pass 7 of 25
# Routing 3 wires.
# Command check detected pcb layer rule(s), mcm via rule(s), which require the RouteADV license feature.
# All unlicensed rules are being ignored.
# Command check will ignore pcb layer rule(s), mcm via rule(s)
# 3 bend points have been removed.
# 0 bend points have been removed.
# 0 bend points have been removed.
# Total Conflicts: 1 (Cross: 1, Clear: 0, Xtalk: 0, Length: 0, Polygon Clear: 0 )
# Total Unroutes: 0
# Attempts 3 Successes 3 Failures 0 Vias 0
# Cpu Time = 0:00:00  Elapsed Time = 0:00:00
# Command check detected pcb layer rule(s), mcm via rule(s), which require the RouteADV license feature.
# All unlicensed rules are being ignored.
# Command check will ignore pcb layer rule(s), mcm via rule(s)
# End Pass 7 of 25
# Start Route Pass 8 of 25
# Routing 2 wires.
# Command check detected pcb layer rule(s), mcm via rule(s), which require the RouteADV license feature.
# All unlicensed rules are being ignored.
# Command check will ignore pcb layer rule(s), mcm via rule(s)
# Total Conflicts: 1 (Cross: 1, Clear: 0, Xtalk: 0, Length: 0, Polygon Clear: 0 )
# Total Unroutes: 0
# Attempts 2 Successes 2 Failures 0 Vias 0
# Cpu Time = 0:00:00  Elapsed Time = 0:00:00
# Command check detected pcb layer rule(s), mcm via rule(s), which require the RouteADV license feature.
# All unlicensed rules are being ignored.
# Command check will ignore pcb layer rule(s), mcm via rule(s)
# End Pass 8 of 25
# Start Route Pass 9 of 25
# Routing 2 wires.
# Command check detected pcb layer rule(s), mcm via rule(s), which require the RouteADV license feature.
# All unlicensed rules are being ignored.
# Command check will ignore pcb layer rule(s), mcm via rule(s)
# Total Conflicts: 1 (Cross: 1, Clear: 0, Xtalk: 0, Length: 0, Polygon Clear: 0 )
# Total Unroutes: 0
# Attempts 2 Successes 2 Failures 0 Vias 0
# Cpu Time = 0:00:00  Elapsed Time = 0:00:01
# Command check detected pcb layer rule(s), mcm via rule(s), which require the RouteADV license feature.
# All unlicensed rules are being ignored.
# Command check will ignore pcb layer rule(s), mcm via rule(s)
# End Pass 9 of 25
# Start Route Pass 10 of 25
# Routing 3 wires.
# Command check detected pcb layer rule(s), mcm via rule(s), which require the RouteADV license feature.
# All unlicensed rules are being ignored.
# Command check will ignore pcb layer rule(s), mcm via rule(s)
# Total Conflicts: 1 (Cross: 1, Clear: 0, Xtalk: 0, Length: 0, Polygon Clear: 0 )
# Total Unroutes: 0
# Attempts 3 Successes 3 Failures 0 Vias 0
# Cpu Time = 0:00:00  Elapsed Time = 0:00:00
# Command check detected pcb layer rule(s), mcm via rule(s), which require the RouteADV license feature.
# All unlicensed rules are being ignored.
# Command check will ignore pcb layer rule(s), mcm via rule(s)
# End Pass 10 of 25
# Start Route Pass 11 of 25
# Routing 2 wires.
# Command check detected pcb layer rule(s), mcm via rule(s), which require the RouteADV license feature.
# All unlicensed rules are being ignored.
# Command check will ignore pcb layer rule(s), mcm via rule(s)
# Total Conflicts: 2 (Cross: 2, Clear: 0, Xtalk: 0, Length: 0, Polygon Clear: 0 )
# Total Unroutes: 0
# Attempts 2 Successes 2 Failures 0 Vias 0
# Cpu Time = 0:00:00  Elapsed Time = 0:00:00
# Command check detected pcb layer rule(s), mcm via rule(s), which require the RouteADV license feature.
# All unlicensed rules are being ignored.
# Command check will ignore pcb layer rule(s), mcm via rule(s)
# End Pass 11 of 25
# Start Route Pass 12 of 25
# Routing 6 wires.
# Command check detected pcb layer rule(s), mcm via rule(s), which require the RouteADV license feature.
# All unlicensed rules are being ignored.
# Command check will ignore pcb layer rule(s), mcm via rule(s)
# 3 bend points have been removed.
# 0 bend points have been removed.
# 0 bend points have been removed.
# Total Conflicts: 1 (Cross: 1, Clear: 0, Xtalk: 0, Length: 0, Polygon Clear: 0 )
# Total Unroutes: 0
# Attempts 6 Successes 6 Failures 0 Vias 0
# Cpu Time = 0:00:00  Elapsed Time = 0:00:00
# Command check detected pcb layer rule(s), mcm via rule(s), which require the RouteADV license feature.
# All unlicensed rules are being ignored.
# Command check will ignore pcb layer rule(s), mcm via rule(s)
# End Pass 12 of 25
# Start Route Pass 13 of 25
# Routing 2 wires.
# Command check detected pcb layer rule(s), mcm via rule(s), which require the RouteADV license feature.
# All unlicensed rules are being ignored.
# Command check will ignore pcb layer rule(s), mcm via rule(s)
# Total Conflicts: 1 (Cross: 1, Clear: 0, Xtalk: 0, Length: 0, Polygon Clear: 0 )
# Total Unroutes: 0
# Attempts 2 Successes 2 Failures 0 Vias 0
# Cpu Time = 0:00:00  Elapsed Time = 0:00:00
# Command check detected pcb layer rule(s), mcm via rule(s), which require the RouteADV license feature.
# All unlicensed rules are being ignored.
# Command check will ignore pcb layer rule(s), mcm via rule(s)
# End Pass 13 of 25
# Start Route Pass 14 of 25
# Routing 3 wires.
# Command check detected pcb layer rule(s), mcm via rule(s), which require the RouteADV license feature.
# All unlicensed rules are being ignored.
# Command check will ignore pcb layer rule(s), mcm via rule(s)
# Total Conflicts: 1 (Cross: 1, Clear: 0, Xtalk: 0, Length: 0, Polygon Clear: 0 )
# Total Unroutes: 0
# Attempts 3 Successes 3 Failures 0 Vias 0
# Cpu Time = 0:00:01  Elapsed Time = 0:00:00
# Command check detected pcb layer rule(s), mcm via rule(s), which require the RouteADV license feature.
# All unlicensed rules are being ignored.
# Command check will ignore pcb layer rule(s), mcm via rule(s)
# End Pass 14 of 25
# Start Route Pass 15 of 25
# Routing 2 wires.
# Command check detected pcb layer rule(s), mcm via rule(s), which require the RouteADV license feature.
# All unlicensed rules are being ignored.
# Command check will ignore pcb layer rule(s), mcm via rule(s)
# Total Conflicts: 1 (Cross: 1, Clear: 0, Xtalk: 0, Length: 0, Polygon Clear: 0 )
# Total Unroutes: 0
# Attempts 2 Successes 2 Failures 0 Vias 0
# Cpu Time = 0:00:00  Elapsed Time = 0:00:00
# Command check detected pcb layer rule(s), mcm via rule(s), which require the RouteADV license feature.
# All unlicensed rules are being ignored.
# Command check will ignore pcb layer rule(s), mcm via rule(s)
# End Pass 15 of 25
# Start Route Pass 16 of 25
# Routing 2 wires.
# Command check detected pcb layer rule(s), mcm via rule(s), which require the RouteADV license feature.
# All unlicensed rules are being ignored.
# Command check will ignore pcb layer rule(s), mcm via rule(s)
# Total Conflicts: 2 (Cross: 2, Clear: 0, Xtalk: 0, Length: 0, Polygon Clear: 0 )
# Total Unroutes: 0
# Attempts 2 Successes 2 Failures 0 Vias 0
# Cpu Time = 0:00:00  Elapsed Time = 0:00:00
# Command check detected pcb layer rule(s), mcm via rule(s), which require the RouteADV license feature.
# All unlicensed rules are being ignored.
# Command check will ignore pcb layer rule(s), mcm via rule(s)
# End Pass 16 of 25
# Start Route Pass 17 of 25
# Routing 3 wires.
# Command check detected pcb layer rule(s), mcm via rule(s), which require the RouteADV license feature.
# All unlicensed rules are being ignored.
# Command check will ignore pcb layer rule(s), mcm via rule(s)
# 2 bend points have been removed.
# 0 bend points have been removed.
# 0 bend points have been removed.
# Total Conflicts: 1 (Cross: 1, Clear: 0, Xtalk: 0, Length: 0, Polygon Clear: 0 )
# Total Unroutes: 0
# Attempts 3 Successes 3 Failures 0 Vias 0
# Cpu Time = 0:00:00  Elapsed Time = 0:00:00
# Command check detected pcb layer rule(s), mcm via rule(s), which require the RouteADV license feature.
# All unlicensed rules are being ignored.
# Command check will ignore pcb layer rule(s), mcm via rule(s)
# End Pass 17 of 25
# Start Route Pass 18 of 25
# Routing 3 wires.
# Command check detected pcb layer rule(s), mcm via rule(s), which require the RouteADV license feature.
# All unlicensed rules are being ignored.
# Command check will ignore pcb layer rule(s), mcm via rule(s)
# Total Conflicts: 1 (Cross: 1, Clear: 0, Xtalk: 0, Length: 0, Polygon Clear: 0 )
# Total Unroutes: 0
# Attempts 3 Successes 3 Failures 0 Vias 0
# Cpu Time = 0:00:00  Elapsed Time = 0:00:00
# Command check detected pcb layer rule(s), mcm via rule(s), which require the RouteADV license feature.
# All unlicensed rules are being ignored.
# Command check will ignore pcb layer rule(s), mcm via rule(s)
# End Pass 18 of 25
# Start Route Pass 19 of 25
# Routing 2 wires.
# Command check detected pcb layer rule(s), mcm via rule(s), which require the RouteADV license feature.
# All unlicensed rules are being ignored.
# Command check will ignore pcb layer rule(s), mcm via rule(s)
# Total Conflicts: 2 (Cross: 2, Clear: 0, Xtalk: 0, Length: 0, Polygon Clear: 0 )
# Total Unroutes: 0
# Attempts 2 Successes 2 Failures 0 Vias 0
# Cpu Time = 0:00:00  Elapsed Time = 0:00:00
# Command check detected pcb layer rule(s), mcm via rule(s), which require the RouteADV license feature.
# All unlicensed rules are being ignored.
# Command check will ignore pcb layer rule(s), mcm via rule(s)
# End Pass 19 of 25
# Start Route Pass 20 of 25
# Routing 6 wires.
# Command check detected pcb layer rule(s), mcm via rule(s), which require the RouteADV license feature.
# All unlicensed rules are being ignored.
# Command check will ignore pcb layer rule(s), mcm via rule(s)
# Total Conflicts: 3 (Cross: 1, Clear: 2, Xtalk: 0, Length: 0, Polygon Clear: 0 )
# Total Unroutes: 0
# Attempts 6 Successes 6 Failures 0 Vias 0
# Cpu Time = 0:00:00  Elapsed Time = 0:00:00
# Command check detected pcb layer rule(s), mcm via rule(s), which require the RouteADV license feature.
# All unlicensed rules are being ignored.
# Command check will ignore pcb layer rule(s), mcm via rule(s)
# End Pass 20 of 25
# Start Route Pass 21 of 25
# Routing 3 wires.
# Command check detected pcb layer rule(s), mcm via rule(s), which require the RouteADV license feature.
# All unlicensed rules are being ignored.
# Command check will ignore pcb layer rule(s), mcm via rule(s)
# Total Conflicts: 2 (Cross: 2, Clear: 0, Xtalk: 0, Length: 0, Polygon Clear: 0 )
# Total Unroutes: 0
# Attempts 3 Successes 3 Failures 0 Vias 0
# Cpu Time = 0:00:00  Elapsed Time = 0:00:00
# Command check detected pcb layer rule(s), mcm via rule(s), which require the RouteADV license feature.
# All unlicensed rules are being ignored.
# Command check will ignore pcb layer rule(s), mcm via rule(s)
# End Pass 21 of 25
# Start Route Pass 22 of 25
# Routing 6 wires.
# Command check detected pcb layer rule(s), mcm via rule(s), which require the RouteADV license feature.
# All unlicensed rules are being ignored.
# Command check will ignore pcb layer rule(s), mcm via rule(s)
# 2 bend points have been removed.
# 0 bend points have been removed.
# 0 bend points have been removed.
# Total Conflicts: 1 (Cross: 1, Clear: 0, Xtalk: 0, Length: 0, Polygon Clear: 0 )
# Total Unroutes: 0
# Attempts 6 Successes 6 Failures 0 Vias 0
# Cpu Time = 0:00:00  Elapsed Time = 0:00:01
# Command check detected pcb layer rule(s), mcm via rule(s), which require the RouteADV license feature.
# All unlicensed rules are being ignored.
# Command check will ignore pcb layer rule(s), mcm via rule(s)
# End Pass 22 of 25
# Start Route Pass 23 of 25
# Routing 2 wires.
# Command check detected pcb layer rule(s), mcm via rule(s), which require the RouteADV license feature.
# All unlicensed rules are being ignored.
# Command check will ignore pcb layer rule(s), mcm via rule(s)
# Total Conflicts: 1 (Cross: 1, Clear: 0, Xtalk: 0, Length: 0, Polygon Clear: 0 )
# Total Unroutes: 0
# Attempts 2 Successes 2 Failures 0 Vias 0
# Cpu Time = 0:00:00  Elapsed Time = 0:00:00
# Command check detected pcb layer rule(s), mcm via rule(s), which require the RouteADV license feature.
# All unlicensed rules are being ignored.
# Command check will ignore pcb layer rule(s), mcm via rule(s)
# End Pass 23 of 25
# Start Route Pass 24 of 25
# Routing 2 wires.
# Command check detected pcb layer rule(s), mcm via rule(s), which require the RouteADV license feature.
# All unlicensed rules are being ignored.
# Command check will ignore pcb layer rule(s), mcm via rule(s)
# Total Conflicts: 2 (Cross: 2, Clear: 0, Xtalk: 0, Length: 0, Polygon Clear: 0 )
# Total Unroutes: 0
# Attempts 2 Successes 2 Failures 0 Vias 0
# Cpu Time = 0:00:00  Elapsed Time = 0:00:00
# Command check detected pcb layer rule(s), mcm via rule(s), which require the RouteADV license feature.
# All unlicensed rules are being ignored.
# Command check will ignore pcb layer rule(s), mcm via rule(s)
# End Pass 24 of 25
# Start Route Pass 25 of 25
# Routing 3 wires.
# Command check detected pcb layer rule(s), mcm via rule(s), which require the RouteADV license feature.
# All unlicensed rules are being ignored.
# Command check will ignore pcb layer rule(s), mcm via rule(s)
# 3 bend points have been removed.
# 0 bend points have been removed.
# 0 bend points have been removed.
# Total Conflicts: 1 (Cross: 1, Clear: 0, Xtalk: 0, Length: 0, Polygon Clear: 0 )
# Total Unroutes: 0
# Attempts 3 Successes 3 Failures 0 Vias 0
# Cpu Time = 0:00:00  Elapsed Time = 0:00:00
# Command check detected pcb layer rule(s), mcm via rule(s), which require the RouteADV license feature.
# All unlicensed rules are being ignored.
# Command check will ignore pcb layer rule(s), mcm via rule(s)
# End Pass 25 of 25
# Cpu Time = 0:00:02  Elapsed Time = 0:00:02
# 
# Design Rules --------------------------------------------
# Via Grid 0.0100 with offset 0.0000
# Layer TOP Horz Signal Wire Grid 0.0100 with offset 0.0000, Width=10.0000, Clearance=10.0000
# Layer BOTTOM Vert Signal Wire Grid 0.0100 with offset 0.0000, Width=10.0000, Clearance=10.0000
# Command check detected pcb layer rule(s), mcm via rule(s), which require the RouteADV license feature.
# All unlicensed rules are being ignored.
# Command check will ignore pcb layer rule(s), mcm via rule(s)
# ROUTING HISTORY ================================================================
#     Pass     |   Conflicts |    |     |     |     |    |Red|      CPU Time     |
#   Name   |No.| Cross| Clear|Fail|Unrte| Vias|XTalk|Len.| % |  Pass   |  Total  |
#----------+---+------+------+----+-----+-----+-----+----+---+---------+---------|
# Route    |  1|    14|     0|   0|    0|    0|    0|   0|  0|  0:00:01|  0:00:01|
# Route    |  2|     9|     0|   0|    0|    0|    0|   0| 35|  0:00:00|  0:00:01|
# Route    |  3|     3|     0|   0|    0|    0|    0|   0| 66|  0:00:00|  0:00:01|
# Route    |  4|     1|     0|   0|    0|    0|    0|   0| 66|  0:00:00|  0:00:01|
# Route    |  5|     1|     0|   0|    0|    0|    0|   0|  0|  0:00:00|  0:00:01|
# Route    |  6|     1|     0|   0|    0|    0|    0|   0|  0|  0:00:00|  0:00:01|
# Route    |  7|     1|     0|   0|    0|    0|    0|   0|  0|  0:00:00|  0:00:01|
# Route    |  8|     1|     0|   0|    0|    0|    0|   0|  0|  0:00:00|  0:00:01|
# Route    |  9|     1|     0|   0|    0|    0|    0|   0|  0|  0:00:00|  0:00:01|
# Route    | 10|     1|     0|   0|    0|    0|    0|   0|  0|  0:00:00|  0:00:01|
# Route    | 11|     2|     0|   0|    0|    0|    0|   0|  0|  0:00:00|  0:00:01|
# Route    | 12|     1|     0|   0|    0|    0|    0|   0| 50|  0:00:00|  0:00:01|
# Route    | 13|     1|     0|   0|    0|    0|    0|   0|  0|  0:00:00|  0:00:01|
# Route    | 14|     1|     0|   0|    0|    0|    0|   0|  0|  0:00:01|  0:00:02|
# Route    | 15|     1|     0|   0|    0|    0|    0|   0|  0|  0:00:00|  0:00:02|
# Route    | 16|     2|     0|   0|    0|    0|    0|   0|  0|  0:00:00|  0:00:02|
# Route    | 17|     1|     0|   0|    0|    0|    0|   0| 50|  0:00:00|  0:00:02|
# Route    | 18|     1|     0|   0|    0|    0|    0|   0|  0|  0:00:00|  0:00:02|
# Route    | 19|     2|     0|   0|    0|    0|    0|   0|  0|  0:00:00|  0:00:02|
# Route    | 20|     1|     2|   0|    0|    0|    0|   0|  0|  0:00:00|  0:00:02|
# Route    | 21|     2|     0|   0|    0|    0|    0|   0| 33|  0:00:00|  0:00:02|
# Route    | 22|     1|     0|   0|    0|    0|    0|   0| 50|  0:00:00|  0:00:02|
# Route    | 23|     1|     0|   0|    0|    0|    0|   0|  0|  0:00:00|  0:00:02|
# Route    | 24|     2|     0|   0|    0|    0|    0|   0|  0|  0:00:00|  0:00:02|
# Route    | 25|     1|     0|   0|    0|    0|    0|   0| 50|  0:00:00|  0:00:02|
# Conflicts between polygon wires and fixed objects:   0
# Stub Violations:   0
# Net Order Violations:   0
# Diffpair Uncoupled Length Violations:   0
# Diffpair Phase Tolerance  Violations:   0
# Total layerset violations:   0
# Total layerset violations (exclude Fanout/Stagger/XNet Short side):   0
# Overall Routing Time: 0:00:02
# 
# Wiring Statistics ----------------- H:/Desktop/Schematic & PCB/Schematic/Pressure Sensors/PCB\Pressure_v1.0.dsn
# Nets 10 Connections 28 Unroutes 0
# Signal Layers 2 Power Layers 0
# Wire Junctions 8, at vias 0 Total Vias 0
# Percent Connected   92.86
# Manhattan Length 21417.3500 Horizontal 13639.0950 Vertical 7778.2550
# Routed Length 25118.0400 Horizontal 15859.6500 Vertical 9258.3900
# Ratio Actual / Manhattan   1.1728
# Unconnected Length   0.0000 Horizontal   0.0000 Vertical   0.0000
clean 2
# Command clean detected pcb layer rule(s), mcm via rule(s), which require the RouteADV license feature.
# All unlicensed rules are being ignored.
# Command clean will ignore pcb layer rule(s), mcm via rule(s)
# Current time = Thu Mar 15 15:19:10 2018
# 
# Design Rules --------------------------------------------
# Via Grid 0.0100 with offset 0.0000
# Layer TOP Horz Signal Wire Grid 0.0100 with offset 0.0000, Width=10.0000, Clearance=10.0000
# Layer BOTTOM Vert Signal Wire Grid 0.0100 with offset 0.0000, Width=10.0000, Clearance=10.0000
# 
# Wiring Statistics ----------------- H:/Desktop/Schematic & PCB/Schematic/Pressure Sensors/PCB\Pressure_v1.0.dsn
# Nets 10 Connections 28 Unroutes 0
# Signal Layers 2 Power Layers 0
# Wire Junctions 8, at vias 0 Total Vias 0
# Percent Connected   92.86
# Manhattan Length 21417.3500 Horizontal 13639.0950 Vertical 7778.2550
# Routed Length 25118.0400 Horizontal 15859.6500 Vertical 9258.3900
# Ratio Actual / Manhattan   1.1728
# Unconnected Length   0.0000 Horizontal   0.0000 Vertical   0.0000
# Start Clean Pass 1 of 2
# Routing 36 wires.
# Command check detected pcb layer rule(s), mcm via rule(s), which require the RouteADV license feature.
# All unlicensed rules are being ignored.
# Command check will ignore pcb layer rule(s), mcm via rule(s)
# Total Conflicts: 1 (Cross: 1, Clear: 0, Xtalk: 0, Length: 0, Polygon Clear: 0 )
# Total Unroutes: 0
# Attempts 36 Successes 34 Failures 2 Vias 0
# Cpu Time = 0:00:00  Elapsed Time = 0:00:00
# Command check detected pcb layer rule(s), mcm via rule(s), which require the RouteADV license feature.
# All unlicensed rules are being ignored.
# Command check will ignore pcb layer rule(s), mcm via rule(s)
# End Pass 1 of 2
# Start Clean Pass 2 of 2
# Routing 40 wires.
# Command check detected pcb layer rule(s), mcm via rule(s), which require the RouteADV license feature.
# All unlicensed rules are being ignored.
# Command check will ignore pcb layer rule(s), mcm via rule(s)
# 1 bend points have been removed.
# 0 bend points have been removed.
# 0 bend points have been removed.
# Total Conflicts: 1 (Cross: 1, Clear: 0, Xtalk: 0, Length: 0, Polygon Clear: 0 )
# Total Unroutes: 0
# Attempts 38 Successes 36 Failures 2 Vias 0
# Cpu Time = 0:00:00  Elapsed Time = 0:00:00
# Command check detected pcb layer rule(s), mcm via rule(s), which require the RouteADV license feature.
# All unlicensed rules are being ignored.
# Command check will ignore pcb layer rule(s), mcm via rule(s)
# End Pass 2 of 2
# Cpu Time = 0:00:00  Elapsed Time = 0:00:00
# 
# Design Rules --------------------------------------------
# Via Grid 0.0100 with offset 0.0000
# Layer TOP Horz Signal Wire Grid 0.0100 with offset 0.0000, Width=10.0000, Clearance=10.0000
# Layer BOTTOM Vert Signal Wire Grid 0.0100 with offset 0.0000, Width=10.0000, Clearance=10.0000
# Command check detected pcb layer rule(s), mcm via rule(s), which require the RouteADV license feature.
# All unlicensed rules are being ignored.
# Command check will ignore pcb layer rule(s), mcm via rule(s)
# ROUTING HISTORY ================================================================
#     Pass     |   Conflicts |    |     |     |     |    |Red|      CPU Time     |
#   Name   |No.| Cross| Clear|Fail|Unrte| Vias|XTalk|Len.| % |  Pass   |  Total  |
#----------+---+------+------+----+-----+-----+-----+----+---+---------+---------|
# Route    |  1|    14|     0|   0|    0|    0|    0|   0|  0|  0:00:01|  0:00:01|
# Route    |  2|     9|     0|   0|    0|    0|    0|   0| 35|  0:00:00|  0:00:01|
# Route    |  3|     3|     0|   0|    0|    0|    0|   0| 66|  0:00:00|  0:00:01|
# Route    |  4|     1|     0|   0|    0|    0|    0|   0| 66|  0:00:00|  0:00:01|
# Route    |  5|     1|     0|   0|    0|    0|    0|   0|  0|  0:00:00|  0:00:01|
# Route    |  6|     1|     0|   0|    0|    0|    0|   0|  0|  0:00:00|  0:00:01|
# Route    |  7|     1|     0|   0|    0|    0|    0|   0|  0|  0:00:00|  0:00:01|
# Route    |  8|     1|     0|   0|    0|    0|    0|   0|  0|  0:00:00|  0:00:01|
# Route    |  9|     1|     0|   0|    0|    0|    0|   0|  0|  0:00:00|  0:00:01|
# Route    | 10|     1|     0|   0|    0|    0|    0|   0|  0|  0:00:00|  0:00:01|
# Route    | 11|     2|     0|   0|    0|    0|    0|   0|  0|  0:00:00|  0:00:01|
# Route    | 12|     1|     0|   0|    0|    0|    0|   0| 50|  0:00:00|  0:00:01|
# Route    | 13|     1|     0|   0|    0|    0|    0|   0|  0|  0:00:00|  0:00:01|
# Route    | 14|     1|     0|   0|    0|    0|    0|   0|  0|  0:00:01|  0:00:02|
# Route    | 15|     1|     0|   0|    0|    0|    0|   0|  0|  0:00:00|  0:00:02|
# Route    | 16|     2|     0|   0|    0|    0|    0|   0|  0|  0:00:00|  0:00:02|
# Route    | 17|     1|     0|   0|    0|    0|    0|   0| 50|  0:00:00|  0:00:02|
# Route    | 18|     1|     0|   0|    0|    0|    0|   0|  0|  0:00:00|  0:00:02|
# Route    | 19|     2|     0|   0|    0|    0|    0|   0|  0|  0:00:00|  0:00:02|
# Route    | 20|     1|     2|   0|    0|    0|    0|   0|  0|  0:00:00|  0:00:02|
# Route    | 21|     2|     0|   0|    0|    0|    0|   0| 33|  0:00:00|  0:00:02|
# Route    | 22|     1|     0|   0|    0|    0|    0|   0| 50|  0:00:00|  0:00:02|
# Route    | 23|     1|     0|   0|    0|    0|    0|   0|  0|  0:00:00|  0:00:02|
# Route    | 24|     2|     0|   0|    0|    0|    0|   0|  0|  0:00:00|  0:00:02|
# Route    | 25|     1|     0|   0|    0|    0|    0|   0| 50|  0:00:00|  0:00:02|
# Clean    | 26|     1|     0|   2|    0|    0|    0|   0|   |  0:00:00|  0:00:02|
# Clean    | 27|     1|     0|   2|    0|    0|    0|   0|   |  0:00:00|  0:00:02|
# Conflicts between polygon wires and fixed objects:   0
# Stub Violations:   0
# Net Order Violations:   0
# Diffpair Uncoupled Length Violations:   0
# Diffpair Phase Tolerance  Violations:   0
# Total layerset violations:   0
# Total layerset violations (exclude Fanout/Stagger/XNet Short side):   0
# Overall Routing Time: 0:00:02
# 
# Wiring Statistics ----------------- H:/Desktop/Schematic & PCB/Schematic/Pressure Sensors/PCB\Pressure_v1.0.dsn
# Nets 10 Connections 28 Unroutes 0
# Signal Layers 2 Power Layers 0
# Wire Junctions 11, at vias 0 Total Vias 0
# Percent Connected   92.86
# Manhattan Length 20849.2900 Horizontal 13050.6070 Vertical 7798.6830
# Routed Length 24795.7300 Horizontal 15662.3500 Vertical 9133.3800
# Ratio Actual / Manhattan   1.1893
# Unconnected Length   0.0000 Horizontal   0.0000 Vertical   0.0000
write routes (changed_only) (reset_changed) C:/Users/2064224z/AppData/Local/Temp/#Taaaaaj02108.tmp
# Routing Written to File C:/Users/2064224z/AppData/Local/Temp/#Taaaaaj02108.tmp
quit
